[LOG] System::create                           : Header version = 2.02.22. Current version = 2.02.22.
[LOG] Manager::init                            : maxchannels = 256 studioflags = 00000006 flags 00000000 extradriverdata 0x0.
[LOG] SystemI::init                            : Initialize version=20222 (142841), maxchannels=256, flags=0x00020000
[LOG] SystemI::setOutputInternal               : Setting output to 'FMOD Core Audio Output'
[LOG] OutputCoreAudio::init                    : Output running 2 channels at 48000Hz sample rate.
[LOG] OutputCoreAudio::init                    : Maximum hardware read size: 512 samples, Software buffer size: 512 samples, Number of software buffers: 4.
[LOG] Thread::initThread                       : Init FMOD stream thread. Affinity: 0x4000000000000003, Priority: 0xFFFF7FFB, Stack Size: 98304, Semaphore: No, Sleep Time: 10, Looping: Yes.
[LOG] Thread::initThread                       : Init FMOD mixer thread. Affinity: 0x4000000000000001, Priority: 0xFFFF7FFA, Stack Size: 81920, Semaphore: Yes, Sleep Time: 0, Looping: Yes.
[LOG] AsyncManager::init                       : manager 0x11c7bb008 isAsync 0 updatePeriod 0.02
[LOG] AsyncManager::init                       : done
[LOG] PlaybackSystem::init                     : 
[LOG] Thread::initThread                       : Init FMOD Studio sample load thread. Affinity: 0x4000000000000003, Priority: 0xFFFF7FFD, Stack Size: 98304, Semaphore: No, Sleep Time: 1, Looping: No.
[LOG] PlaybackSystem::init                     : done
[LOG] Thread::initThread                       : Init FMOD Studio bank load thread. Affinity: 0x4000000000000003, Priority: 0xFFFF7FFD, Stack Size: 98304, Semaphore: No, Sleep Time: 1, Looping: No.
[LOG] Manager::init                            : done.
[LOG] Manager::readBank                        : fileversion = 142, compatVersion = 140 (oldest = 44, newest = 142)
[LOG] Manager::readBank                        : fileversion = 142, compatVersion = 140 (oldest = 44, newest = 142)
[LOG] PlaybackSystem::acquireMasterBus         : Setting master channel group format to 6
[LOG] Manager::readBank                        : fileversion = 142, compatVersion = 140 (oldest = 44, newest = 142)
[LOG] SystemI::createSound                     : filename = Assets/FMOD-Banks/music.bank : mode 02010082
[LOG] SystemI::createSound                     : FMOD_NONBLOCKING specified.  Putting into queue to be opened asynchronously!
[LOG] AsyncThread::add                         : add sound to async queue : soundi = 0x330d15638, queue head = 0x394ea50d8, queue count = 0
[LOG] AsyncThread::threadFunc                  : Starting Asynchronous operation on sound 0x330d15638
[LOG] SystemI::createSoundInternal             :     Create name='Assets/FMOD-Banks/music.bank', mode=0x02010082
[LOG] SystemI::createSoundInternal             :     exinfo->cbsize             = 224
[LOG] SystemI::createSoundInternal             :     exinfo->length             = 4174048
[LOG] SystemI::createSoundInternal             :     exinfo->fileoffset         = 12896
[LOG] SystemI::createSoundInternal             :     exinfo->numsubsounds       = 1
[LOG] SystemI::createSoundInternal             :     exinfo->inclusionlist      = 0x139c6cfa0
[LOG] SystemI::createSoundInternal             :     exinfo->inclusionlistnum   = 1
[LOG] SystemI::createSoundInternal             :     exinfo->suggestedsoundtype = 5
[LOG] SystemI::createSoundInternal             :     exinfo->initialseekpostype = 1
[LOG] SystemI::createSoundInternal             :     Stream 0/1: name='FEAR', format=5, channels=2, frequency=48000, lengthbytes=1539840, lengthpcm=6909000, pcmblocksize=0, loopstart=0, loopend=6212999, mode=0x00000000, channelmask=0x00000000, channelorder=0, peakvolume=0.380981.
[LOG] AsyncThread::threadFunc                  : Finished Asynchronous operation on sound 0x330d15638
[LOG] AsyncThread::add                         : add sound to async queue : soundi = 0x13ace4368, queue head = 0x394ea50d8, queue count = 0
[LOG] AsyncThread::threadFunc                  : Starting Asynchronous operation on sound 0x13ace4368
[LOG] AsyncThread::threadFunc                  : Finished Asynchronous operation on sound 0x13ace4368
[LOG] AsyncThread::add                         : add sound to async queue : soundi = 0x13ace4368, queue head = 0x394ea50d8, queue count = 0
[LOG] AsyncThread::threadFunc                  : Starting Asynchronous operation on sound 0x13ace4368
[LOG] AsyncThread::threadFunc                  : Finished Asynchronous operation on sound 0x13ace4368
[LOG] SoundI::release                          : sad4-3 (0x382ea1798)
[LOG] SoundI::release                          :     sad4-3 (0x382e1bb28)
[LOG] SoundI::release                          :     sad4-3 (0x382e34698)
[LOG] SystemI::createSound                     : filename = Assets/FMOD-Banks/music.bank : mode 02010082
[LOG] SystemI::createSound                     : FMOD_NONBLOCKING specified.  Putting into queue to be opened asynchronously!
[LOG] AsyncThread::add                         : add sound to async queue : soundi = 0x39d36bc68, queue head = 0x394ea50d8, queue count = 0
[LOG] AsyncThread::threadFunc                  : Starting Asynchronous operation on sound 0x39d36bc68
[LOG] SystemI::createSoundInternal             :     Create name='Assets/FMOD-Banks/music.bank', mode=0x02010082
[LOG] SystemI::createSoundInternal             :     exinfo->cbsize             = 224
[LOG] SystemI::createSoundInternal             :     exinfo->length             = 4174048
[LOG] SystemI::createSoundInternal             :     exinfo->fileoffset         = 12896
[LOG] SystemI::createSoundInternal             :     exinfo->numsubsounds       = 1
[LOG] SystemI::createSoundInternal             :     exinfo->inclusionlist      = 0x37f04fcb0
[LOG] SystemI::createSoundInternal             :     exinfo->inclusionlistnum   = 1
[LOG] SystemI::createSoundInternal             :     exinfo->suggestedsoundtype = 5
[LOG] SystemI::createSoundInternal             :     exinfo->initialseekposition = 7102
[LOG] SystemI::createSoundInternal             :     exinfo->initialseekpostype = 1
[LOG] SystemI::createSoundInternal             :     Stream 0/1: name='newlayer happy', format=5, channels=2, frequency=48000, lengthbytes=1344480, lengthpcm=5370000, pcmblocksize=0, loopstart=0, loopend=5369527, mode=0x00000000, channelmask=0x00000000, channelorder=0, peakvolume=0.434082.
[LOG] AsyncThread::threadFunc                  : Finished Asynchronous operation on sound 0x39d36bc68
[LOG] SoundI::release                          : FEAR (0x330d15638)
[LOG] SoundI::release                          :     FEAR (0x13aceaf48)
[LOG] SoundI::release                          :     FEAR (0x13ace4368)
[LOG] SoundI::release                          : newlayer happy (0x39d36bc68)
[LOG] SoundI::release                          :     newlayer happy (0x38b51b1d8)
[LOG] SoundI::release                          :     newlayer happy (0x38b51de88)
[LOG] Thread::callback                         : FMOD Studio update thread finished.
[LOG] Thread::callback                         : FMOD Studio bank load thread finished.
[LOG] Profile::disconnectAll                   : Profiler disconnecting all clients
[LOG] Thread::callback                         : FMOD Studio sample load thread finished.
[LOG] LiveUpdate::release                      : 
[LOG] LiveUpdate::reset                        : Reset connection (reason Disconnected)
[LOG] Thread::callback                         : FMOD stream thread finished.
[LOG] Thread::callback                         : FMOD mixer thread finished.
[LOG] Profile::disconnectAll                   : Profiler disconnecting all clients
[LOG] SystemI::close                           : Closed.
